<?xml version="1.0" encoding="UTF-8"?>
<!-- Generated by org.testng.reporters.JUnitXMLReporter -->
<testsuite ignored="0" hostname="DESKTOP-URL7GI0" failures="0" tests="3" name="Default test" time="77.794" errors="0" timestamp="2023-05-10T19:55:32 CEST">
  <testcase classname="testCases.TourRadarLogin" name="invalidLogin" time="14.798"/>
  <testcase classname="testCases.TourRadarLogin" name="loginSuccess" time="14.706"/>
  <testcase classname="testCases.TourRadarLogin" name="downloadBrochure" time="40.938"/>
</testsuite> <!-- Default test -->
