<?xml version="1.0" encoding="UTF-8"?>
<testng-results ignored="0" total="3" passed="3" failed="0" skipped="0">
  <reporter-output>
    <line>
      <![CDATA[Browser Opened and url lanuched]]>
    </line>
    <line>
      <![CDATA[Click on Login page]]>
    </line>
    <line>
      <![CDATA[Entered username and password]]>
    </line>
    <line>
      <![CDATA[Clicked on submit button]]>
    </line>
    <line>
      <![CDATA[Browser Opened and url lanuched]]>
    </line>
    <line>
      <![CDATA[Click on Login page]]>
    </line>
    <line>
      <![CDATA[Entered username and password]]>
    </line>
    <line>
      <![CDATA[Clicked on submit button]]>
    </line>
    <line>
      <![CDATA[UserName verfied after login]]>
    </line>
    <line>
      <![CDATA[Browser Opened and url lanuched]]>
    </line>
    <line>
      <![CDATA[Click on Login page]]>
    </line>
    <line>
      <![CDATA[Entered username and password]]>
    </line>
    <line>
      <![CDATA[Clicked on submit button]]>
    </line>
    <line>
      <![CDATA[Verify the customer Name after login]]>
    </line>
    <line>
      <![CDATA[Enter search value]]>
    </line>
    <line>
      <![CDATA[pick the date]]>
    </line>
    <line>
      <![CDATA[Click on search button]]>
    </line>
    <line>
      <![CDATA[Download the brochure]]>
    </line>
  </reporter-output>
  <suite started-at="2023-05-10T19:54:14 CEST" name="Default suite" finished-at="2023-05-10T19:55:32 CEST" duration-ms="77794">
    <groups>
    </groups>
    <test started-at="2023-05-10T19:54:14 CEST" name="Default test" finished-at="2023-05-10T19:55:32 CEST" duration-ms="77794">
      <class name="testCases.TourRadarLogin">
        <test-method is-config="true" signature="loadClass()[pri:0, instance:testCases.TourRadarLogin@194bcebf]" started-at="2023-05-10T19:54:14 CEST" name="loadClass" finished-at="2023-05-10T19:54:14 CEST" duration-ms="295" status="PASS">
          <reporter-output>
          </reporter-output>
        </test-method> <!-- loadClass -->
        <test-method is-config="true" signature="launchBrowser()[pri:0, instance:testCases.TourRadarLogin@194bcebf]" started-at="2023-05-10T19:54:14 CEST" name="launchBrowser" finished-at="2023-05-10T19:54:17 CEST" duration-ms="3220" status="PASS">
          <reporter-output>
          </reporter-output>
        </test-method> <!-- launchBrowser -->
        <test-method signature="invalidLogin()[pri:1, instance:testCases.TourRadarLogin@194bcebf]" started-at="2023-05-10T19:54:17 CEST" name="invalidLogin" finished-at="2023-05-10T19:54:32 CEST" duration-ms="14798" status="PASS">
          <reporter-output>
            <line>
              <![CDATA[Browser Opened and url lanuched]]>
            </line>
            <line>
              <![CDATA[Click on Login page]]>
            </line>
            <line>
              <![CDATA[Entered username and password]]>
            </line>
            <line>
              <![CDATA[Clicked on submit button]]>
            </line>
          </reporter-output>
        </test-method> <!-- invalidLogin -->
        <test-method is-config="true" signature="closeBrowser()[pri:0, instance:testCases.TourRadarLogin@194bcebf]" started-at="2023-05-10T19:54:32 CEST" name="closeBrowser" finished-at="2023-05-10T19:54:32 CEST" duration-ms="364" status="PASS">
          <reporter-output>
          </reporter-output>
        </test-method> <!-- closeBrowser -->
        <test-method is-config="true" signature="launchBrowser()[pri:0, instance:testCases.TourRadarLogin@194bcebf]" started-at="2023-05-10T19:54:32 CEST" name="launchBrowser" finished-at="2023-05-10T19:54:34 CEST" duration-ms="1163" status="PASS">
          <reporter-output>
          </reporter-output>
        </test-method> <!-- launchBrowser -->
        <test-method signature="loginSuccess()[pri:2, instance:testCases.TourRadarLogin@194bcebf]" started-at="2023-05-10T19:54:34 CEST" name="loginSuccess" finished-at="2023-05-10T19:54:48 CEST" duration-ms="14706" status="PASS">
          <reporter-output>
            <line>
              <![CDATA[Browser Opened and url lanuched]]>
            </line>
            <line>
              <![CDATA[Click on Login page]]>
            </line>
            <line>
              <![CDATA[Entered username and password]]>
            </line>
            <line>
              <![CDATA[Clicked on submit button]]>
            </line>
            <line>
              <![CDATA[UserName verfied after login]]>
            </line>
          </reporter-output>
        </test-method> <!-- loginSuccess -->
        <test-method is-config="true" signature="closeBrowser()[pri:0, instance:testCases.TourRadarLogin@194bcebf]" started-at="2023-05-10T19:54:48 CEST" name="closeBrowser" finished-at="2023-05-10T19:54:49 CEST" duration-ms="326" status="PASS">
          <reporter-output>
          </reporter-output>
        </test-method> <!-- closeBrowser -->
        <test-method is-config="true" signature="launchBrowser()[pri:0, instance:testCases.TourRadarLogin@194bcebf]" started-at="2023-05-10T19:54:49 CEST" name="launchBrowser" finished-at="2023-05-10T19:54:50 CEST" duration-ms="1140" status="PASS">
          <reporter-output>
          </reporter-output>
        </test-method> <!-- launchBrowser -->
        <test-method signature="downloadBrochure()[pri:3, instance:testCases.TourRadarLogin@194bcebf]" started-at="2023-05-10T19:54:50 CEST" name="downloadBrochure" finished-at="2023-05-10T19:55:31 CEST" duration-ms="40938" status="PASS">
          <reporter-output>
            <line>
              <![CDATA[Browser Opened and url lanuched]]>
            </line>
            <line>
              <![CDATA[Click on Login page]]>
            </line>
            <line>
              <![CDATA[Entered username and password]]>
            </line>
            <line>
              <![CDATA[Clicked on submit button]]>
            </line>
            <line>
              <![CDATA[Verify the customer Name after login]]>
            </line>
            <line>
              <![CDATA[Enter search value]]>
            </line>
            <line>
              <![CDATA[pick the date]]>
            </line>
            <line>
              <![CDATA[Click on search button]]>
            </line>
            <line>
              <![CDATA[Download the brochure]]>
            </line>
          </reporter-output>
        </test-method> <!-- downloadBrochure -->
        <test-method is-config="true" signature="closeBrowser()[pri:0, instance:testCases.TourRadarLogin@194bcebf]" started-at="2023-05-10T19:55:31 CEST" name="closeBrowser" finished-at="2023-05-10T19:55:31 CEST" duration-ms="377" status="PASS">
          <reporter-output>
          </reporter-output>
        </test-method> <!-- closeBrowser -->
        <test-method is-config="true" signature="closeAllConnections()[pri:0, instance:testCases.TourRadarLogin@194bcebf]" started-at="2023-05-10T19:55:31 CEST" name="closeAllConnections" finished-at="2023-05-10T19:55:32 CEST" duration-ms="409" status="PASS">
          <reporter-output>
          </reporter-output>
        </test-method> <!-- closeAllConnections -->
      </class> <!-- testCases.TourRadarLogin -->
    </test> <!-- Default test -->
  </suite> <!-- Default suite -->
</testng-results>
